app/build/outputs/logs/manifest-merger-debug-report.txt
-- Merging decision tree log ---
manifest
ADDED from src\main\AndroidManifest.xml:2:1-45:12
INJECTED from src\main\AndroidManifest.xml:2:1-45:12
INJECTED from src\main\AndroidManifest.xml:2:1-45:12
INJECTED from src\main\AndroidManifest.xml:2:1-45:12
MERGED from [androidx.compose.material3:material3-android:1.3.0] AndroidManifest.xml:17:1-22:12
MERGED from [androidx.compose.material:material-android:1.7.0] AndroidManifest.xml:2:1-7:12
MERGED from [androidx.compose.material:material-ripple-android:1.7.0] AndroidManifest.xml:2:1-7:12
MERGED from [androidx.compose.foundation:foundation-android:1.7.0] AndroidManifest.xml:2:1-7:12
MERGED from [androidx.compose.animation:animation-android:1.7.0] AndroidManifest.xml:2:1-7:12
MERGED from [androidx.compose.foundation:foundation-layout-android:1.7.0] AndroidManifest.xml:2:1-7:12
MERGED from [androidx.compose.animation:animation-core-android:1.7.0] AndroidManifest.xml:2:1-7:12
MERGED from [androidx.compose.ui:ui-tooling-data-android:1.7.0] AndroidManifest.xml:2:1-7:12
MERGED from [androidx.compose.ui:ui-unit-android:1.7.0] AndroidManifest.xml:2:1-7:12
MERGED from [androidx.compose.ui:ui-geometry-android:1.7.0] AndroidManifest.xml:2:1-7:12
MERGED from [androidx.compose.ui:ui-util-android:1.7.0] AndroidManifest.xml:2:1-7:12
MERGED from [androidx.compose.ui:ui-text-android:1.7.0] AndroidManifest.xml:2:1-7:12
MERGED from [androidx.compose.ui:ui-tooling-preview-android:1.7.0] AndroidManifest.xml:17:1-22:12
MERGED from [androidx.compose.ui:ui-tooling-android:1.7.0] AndroidManifest.xml:17:1-28:12
MERGED from [androidx.compose.ui:ui-graphics-android:1.7.0] AndroidManifest.xml:2:1-7:12
MERGED from [androidx.compose.ui:ui-test-manifest:1.7.0] AndroidManifest.xml:17:1-28:12
MERGED from [androidx.activity:activity-ktx:1.8.2] AndroidManifest.xml:2:1-7:12
MERGED from [androidx.activity:activity:1.8.2] AndroidManifest.xml:17:1-22:12
MERGED from [androidx.activity:activity-compose:1.8.2] AndroidManifest.xml:2:1-7:12
MERGED from [androidx.compose.material:material-icons-core-android:1.7.0] AndroidManifest.xml:2:1-7:12
MERGED from [androidx.emoji2:emoji2:1.3.0] AndroidManifest.xml:17:1-35:12
MERGED from [androidx.autofill:autofill:1.0.0] AndroidManifest.xml:17:1-24:12
MERGED from [androidx.graphics:graphics-path:1.0.1] AndroidManifest.xml:2:1-7:12
MERGED from [androidx.customview:customview-poolingcontainer:1.0.0] AndroidManifest.xml:17:1-23:12
MERGED from [androidx.core:core-ktx:1.13.1] AndroidManifest.xml:2:1-7:12
MERGED from [androidx.core:core:1.13.1] AndroidManifest.xml:17:1-30:12
MERGED from [androidx.savedstate:savedstate:1.2.1] AndroidManifest.xml:17:1-22:12
MERGED from [androidx.lifecycle:lifecycle-livedata-core:2.8.3] AndroidManifest.xml:17:1-22:12
MERGED from [androidx.lifecycle:lifecycle-viewmodel-android:2.8.3] AndroidManifest.xml:17:1-22:12
MERGED from [androidx.lifecycle:lifecycle-runtime-ktx-android:2.8.3] AndroidManifest.xml:2:1-7:12
MERGED from [androidx.lifecycle:lifecycle-runtime-android:2.8.3] AndroidManifest.xml:17:1-22:12
MERGED from [androidx.lifecycle:lifecycle-process:2.8.3] AndroidManifest.xml:17:1-35:12
MERGED from [androidx.lifecycle:lifecycle-viewmodel-ktx:2.8.3] AndroidManifest.xml:2:1-7:12
MERGED from [androidx.lifecycle:lifecycle-viewmodel-savedstate:2.8.3] AndroidManifest.xml:17:1-22:12
MERGED from [androidx.lifecycle:lifecycle-runtime-compose-android:2.8.3] AndroidManifest.xml:2:1-7:12
MERGED from [androidx.lifecycle:lifecycle-viewmodel-compose-android:2.8.3] AndroidManifest.xml:2:1-7:12
MERGED from [androidx.compose.ui:ui-android:1.7.0] AndroidManifest.xml:2:1-7:12
MERGED from [androidx.savedstate:savedstate-ktx:1.2.1] AndroidManifest.xml:17:1-22:12
MERGED from [androidx.compose.runtime:runtime-saveable-android:1.7.0] AndroidManifest.xml:2:1-7:12
MERGED from [androidx.compose.runtime:runtime-android:1.7.0] AndroidManifest.xml:2:1-7:12
MERGED from [androidx.annotation:annotation-experimental:1.4.0] AndroidManifest.xml:2:1-7:12
MERGED from [androidx.versionedparcelable:versionedparcelable:1.1.1] AndroidManifest.xml:17:1-27:12
MERGED from [androidx.profileinstaller:profileinstaller:1.3.1] AndroidManifest.xml:17:1-55:12
MERGED from [androidx.startup:startup-runtime:1.1.1] AndroidManifest.xml:17:1-33:12
MERGED from [androidx.tracing:tracing:1.0.0] AndroidManifest.xml:17:1-24:12
MERGED from [androidx.interpolator:interpolator:1.0.0] AndroidManifest.xml:17:1-22:12
MERGED from [androidx.arch.core:core-runtime:2.2.0] AndroidManifest.xml:17:1-22:12
	package
		INJECTED from src\main\AndroidManifest.xml
	android:versionName
		INJECTED from src\main\AndroidManifest.xml
	xmlns:tools
		ADDED from src\main\AndroidManifest.xml:3:5-51
	android:versionCode
		INJECTED from src\main\AndroidManifest.xml
	xmlns:android
		ADDED from src\main\AndroidManifest.xml:2:11-69
uses-permission#android.permission.SEND_SMS
ADDED from src\main\AndroidManifest.xml:6:5-67
	android:name
		ADDED from src\main\AndroidManifest.xml:6:22-64
uses-permission#android.permission.READ_SMS
ADDED from src\main\AndroidManifest.xml:7:5-67
	android:name
		ADDED from src\main\AndroidManifest.xml:7:22-64
uses-permission#android.permission.RECEIVE_SMS
ADDED from src\main\AndroidManifest.xml:8:5-70
	android:name
		ADDED from src\main\AndroidManifest.xml:8:22-67
uses-permission#android.permission.READ_CONTACTS
ADDED from src\main\AndroidManifest.xml:9:5-72
	android:name
		ADDED from src\main\AndroidManifest.xml:9:22-69
uses-permission#android.permission.READ_PHONE_STATE
ADDED from src\main\AndroidManifest.xml:12:5-75
	android:name
		ADDED from src\main\AndroidManifest.xml:12:22-72
uses-permission#android.permission.WRITE_EXTERNAL_STORAGE
ADDED from src\main\AndroidManifest.xml:13:5-81
	android:name
		ADDED from src\main\AndroidManifest.xml:13:22-78
uses-permission#android.permission.READ_EXTERNAL_STORAGE
ADDED from src\main\AndroidManifest.xml:14:5-80
	android:name
		ADDED from src\main\AndroidManifest.xml:14:22-77
uses-permission#android.permission.INTERNET
ADDED from src\main\AndroidManifest.xml:15:5-67
	android:name
		ADDED from src\main\AndroidManifest.xml:15:22-64
uses-permission#android.permission.ACCESS_NETWORK_STATE
ADDED from src\main\AndroidManifest.xml:16:5-79
	android:name
		ADDED from src\main\AndroidManifest.xml:16:22-76
uses-permission#com.samsung.rcs.im.permission.IM_SERVICE
ADDED from src\main\AndroidManifest.xml:17:5-80
	android:name
		ADDED from src\main\AndroidManifest.xml:17:22-77
uses-permission#com.samsung.android.messaging.permission.READ_MESSAGES
ADDED from src\main\AndroidManifest.xml:18:5-94
	android:name
		ADDED from src\main\AndroidManifest.xml:18:22-91
uses-permission#com.samsung.android.providers.messagingprovider.permission.READ_MESSAGES
ADDED from src\main\AndroidManifest.xml:19:5-112
	android:name
		ADDED from src\main\AndroidManifest.xml:19:22-109
uses-permission#com.sec.sms.permission.READ_MESSAGE
ADDED from src\main\AndroidManifest.xml:20:5-75
	android:name
		ADDED from src\main\AndroidManifest.xml:20:22-72
application
ADDED from src\main\AndroidManifest.xml:22:5-43:19
INJECTED from src\main\AndroidManifest.xml:22:5-43:19
MERGED from [androidx.compose.ui:ui-tooling-android:1.7.0] AndroidManifest.xml:22:5-26:19
MERGED from [androidx.compose.ui:ui-tooling-android:1.7.0] AndroidManifest.xml:22:5-26:19
MERGED from [androidx.compose.ui:ui-test-manifest:1.7.0] AndroidManifest.xml:22:5-26:19
MERGED from [androidx.compose.ui:ui-test-manifest:1.7.0] AndroidManifest.xml:22:5-26:19
MERGED from [androidx.emoji2:emoji2:1.3.0] AndroidManifest.xml:23:5-33:19
MERGED from [androidx.emoji2:emoji2:1.3.0] AndroidManifest.xml:23:5-33:19
MERGED from [androidx.core:core:1.13.1] AndroidManifest.xml:28:5-89
MERGED from [androidx.core:core:1.13.1] AndroidManifest.xml:28:5-89
MERGED from [androidx.lifecycle:lifecycle-process:2.8.3] AndroidManifest.xml:23:5-33:19
MERGED from [androidx.lifecycle:lifecycle-process:2.8.3] AndroidManifest.xml:23:5-33:19
MERGED from [androidx.versionedparcelable:versionedparcelable:1.1.1] AndroidManifest.xml:24:5-25:19
MERGED from [androidx.versionedparcelable:versionedparcelable:1.1.1] AndroidManifest.xml:24:5-25:19
MERGED from [androidx.profileinstaller:profileinstaller:1.3.1] AndroidManifest.xml:23:5-53:19
MERGED from [androidx.profileinstaller:profileinstaller:1.3.1] AndroidManifest.xml:23:5-53:19
MERGED from [androidx.startup:startup-runtime:1.1.1] AndroidManifest.xml:25:5-31:19
MERGED from [androidx.startup:startup-runtime:1.1.1] AndroidManifest.xml:25:5-31:19
	android:extractNativeLibs
		INJECTED from src\main\AndroidManifest.xml
	android:appComponentFactory
		ADDED from [androidx.core:core:1.13.1] AndroidManifest.xml:28:18-86
	android:supportsRtl
		ADDED from src\main\AndroidManifest.xml:29:9-35
	android:label
		ADDED from src\main\AndroidManifest.xml:27:9-41
	android:fullBackupContent
		ADDED from src\main\AndroidManifest.xml:25:9-54
	android:roundIcon
		ADDED from src\main\AndroidManifest.xml:28:9-54
	tools:targetApi
		ADDED from src\main\AndroidManifest.xml:31:9-29
	android:icon
		ADDED from src\main\AndroidManifest.xml:26:9-43
	android:allowBackup
		ADDED from src\main\AndroidManifest.xml:23:9-35
	android:theme
		ADDED from src\main\AndroidManifest.xml:30:9-44
	android:dataExtractionRules
		ADDED from src\main\AndroidManifest.xml:24:9-65
activity#com.example.smsapp.MainActivity
ADDED from src\main\AndroidManifest.xml:32:9-42:20
	android:label
		ADDED from src\main\AndroidManifest.xml:35:13-45
	android:exported
		ADDED from src\main\AndroidManifest.xml:34:13-36
	android:theme
		ADDED from src\main\AndroidManifest.xml:36:13-48
	android:name
		ADDED from src\main\AndroidManifest.xml:33:13-41
intent-filter#action:name:android.intent.action.MAIN+category:name:android.intent.category.LAUNCHER
ADDED from src\main\AndroidManifest.xml:37:13-41:29
action#android.intent.action.MAIN
ADDED from src\main\AndroidManifest.xml:38:17-69
	android:name
		ADDED from src\main\AndroidManifest.xml:38:25-66
category#android.intent.category.LAUNCHER
ADDED from src\main\AndroidManifest.xml:40:17-77
	android:name
		ADDED from src\main\AndroidManifest.xml:40:27-74
uses-sdk
INJECTED from src\main\AndroidManifest.xml reason: use-sdk injection requested
INJECTED from src\main\AndroidManifest.xml
INJECTED from src\main\AndroidManifest.xml
MERGED from [androidx.compose.material3:material3-android:1.3.0] AndroidManifest.xml:20:5-44
MERGED from [androidx.compose.material3:material3-android:1.3.0] AndroidManifest.xml:20:5-44
MERGED from [androidx.compose.material:material-android:1.7.0] AndroidManifest.xml:5:5-44
MERGED from [androidx.compose.material:material-android:1.7.0] AndroidManifest.xml:5:5-44
MERGED from [androidx.compose.material:material-ripple-android:1.7.0] AndroidManifest.xml:5:5-44
MERGED from [androidx.compose.material:material-ripple-android:1.7.0] AndroidManifest.xml:5:5-44
MERGED from [androidx.compose.foundation:foundation-android:1.7.0] AndroidManifest.xml:5:5-44
MERGED from [androidx.compose.foundation:foundation-android:1.7.0] AndroidManifest.xml:5:5-44
MERGED from [androidx.compose.animation:animation-android:1.7.0] AndroidManifest.xml:5:5-44
MERGED from [androidx.compose.animation:animation-android:1.7.0] AndroidManifest.xml:5:5-44
MERGED from [androidx.compose.foundation:foundation-layout-android:1.7.0] AndroidManifest.xml:5:5-44
MERGED from [androidx.compose.foundation:foundation-layout-android:1.7.0] AndroidManifest.xml:5:5-44
MERGED from [androidx.compose.animation:animation-core-android:1.7.0] AndroidManifest.xml:5:5-44
MERGED from [androidx.compose.animation:animation-core-android:1.7.0] AndroidManifest.xml:5:5-44
MERGED from [androidx.compose.ui:ui-tooling-data-android:1.7.0] AndroidManifest.xml:5:5-44
MERGED from [androidx.compose.ui:ui-tooling-data-android:1.7.0] AndroidManifest.xml:5:5-44
MERGED from [androidx.compose.ui:ui-unit-android:1.7.0] AndroidManifest.xml:5:5-44
MERGED from [androidx.compose.ui:ui-unit-android:1.7.0] AndroidManifest.xml:5:5-44
MERGED from [androidx.compose.ui:ui-geometry-android:1.7.0] AndroidManifest.xml:5:5-44
MERGED from [androidx.compose.ui:ui-geometry-android:1.7.0] AndroidManifest.xml:5:5-44
MERGED from [androidx.compose.ui:ui-util-android:1.7.0] AndroidManifest.xml:5:5-44
MERGED from [androidx.compose.ui:ui-util-android:1.7.0] AndroidManifest.xml:5:5-44
MERGED from [androidx.compose.ui:ui-text-android:1.7.0] AndroidManifest.xml:5:5-44
MERGED from [androidx.compose.ui:ui-text-android:1.7.0] AndroidManifest.xml:5:5-44
MERGED from [androidx.compose.ui:ui-tooling-preview-android:1.7.0] AndroidManifest.xml:20:5-44
MERGED from [androidx.compose.ui:ui-tooling-preview-android:1.7.0] AndroidManifest.xml:20:5-44
MERGED from [androidx.compose.ui:ui-tooling-android:1.7.0] AndroidManifest.xml:20:5-44
MERGED from [androidx.compose.ui:ui-tooling-android:1.7.0] AndroidManifest.xml:20:5-44
MERGED from [androidx.compose.ui:ui-graphics-android:1.7.0] AndroidManifest.xml:5:5-44
MERGED from [androidx.compose.ui:ui-graphics-android:1.7.0] AndroidManifest.xml:5:5-44
MERGED from [androidx.compose.ui:ui-test-manifest:1.7.0] AndroidManifest.xml:20:5-44
MERGED from [androidx.compose.ui:ui-test-manifest:1.7.0] AndroidManifest.xml:20:5-44
MERGED from [androidx.activity:activity-ktx:1.8.2] AndroidManifest.xml:5:5-44
MERGED from [androidx.activity:activity-ktx:1.8.2] AndroidManifest.xml:5:5-44
MERGED from [androidx.activity:activity:1.8.2] AndroidManifest.xml:20:5-44
MERGED from [androidx.activity:activity:1.8.2] AndroidManifest.xml:20:5-44
MERGED from [androidx.activity:activity-compose:1.8.2] AndroidManifest.xml:5:5-44
MERGED from [androidx.activity:activity-compose:1.8.2] AndroidManifest.xml:5:5-44
MERGED from [androidx.compose.material:material-icons-core-android:1.7.0] AndroidManifest.xml:5:5-44
MERGED from [androidx.compose.material:material-icons-core-android:1.7.0] AndroidManifest.xml:5:5-44
MERGED from [androidx.emoji2:emoji2:1.3.0] AndroidManifest.xml:21:5-44
MERGED from [androidx.emoji2:emoji2:1.3.0] AndroidManifest.xml:21:5-44
MERGED from [androidx.autofill:autofill:1.0.0] AndroidManifest.xml:20:5-22:41
MERGED from [androidx.autofill:autofill:1.0.0] AndroidManifest.xml:20:5-22:41
MERGED from [androidx.graphics:graphics-path:1.0.1] AndroidManifest.xml:5:5-44
MERGED from [androidx.graphics:graphics-path:1.0.1] AndroidManifest.xml:5:5-44
MERGED from [androidx.customview:customview-poolingcontainer:1.0.0] AndroidManifest.xml:20:5-21:38
MERGED from [androidx.customview:customview-poolingcontainer:1.0.0] AndroidManifest.xml:20:5-21:38
MERGED from [androidx.core:core-ktx:1.13.1] AndroidManifest.xml:5:5-44
MERGED from [androidx.core:core-ktx:1.13.1] AndroidManifest.xml:5:5-44
MERGED from [androidx.core:core:1.13.1] AndroidManifest.xml:20:5-44
MERGED from [androidx.core:core:1.13.1] AndroidManifest.xml:20:5-44
MERGED from [androidx.savedstate:savedstate:1.2.1] AndroidManifest.xml:20:5-44
MERGED from [androidx.savedstate:savedstate:1.2.1] AndroidManifest.xml:20:5-44
MERGED from [androidx.lifecycle:lifecycle-livedata-core:2.8.3] AndroidManifest.xml:20:5-44
MERGED from [androidx.lifecycle:lifecycle-livedata-core:2.8.3] AndroidManifest.xml:20:5-44
MERGED from [androidx.lifecycle:lifecycle-viewmodel-android:2.8.3] AndroidManifest.xml:20:5-44
MERGED from [androidx.lifecycle:lifecycle-viewmodel-android:2.8.3] AndroidManifest.xml:20:5-44
MERGED from [androidx.lifecycle:lifecycle-runtime-ktx-android:2.8.3] AndroidManifest.xml:5:5-44
MERGED from [androidx.lifecycle:lifecycle-runtime-ktx-android:2.8.3] AndroidManifest.xml:5:5-44
MERGED from [androidx.lifecycle:lifecycle-runtime-android:2.8.3] AndroidManifest.xml:20:5-44
MERGED from [androidx.lifecycle:lifecycle-runtime-android:2.8.3] AndroidManifest.xml:20:5-44
MERGED from [androidx.lifecycle:lifecycle-process:2.8.3] AndroidManifest.xml:21:5-44
MERGED from [androidx.lifecycle:lifecycle-process:2.8.3] AndroidManifest.xml:21:5-44
MERGED from [androidx.lifecycle:lifecycle-viewmodel-ktx:2.8.3] AndroidManifest.xml:5:5-44
MERGED from [androidx.lifecycle:lifecycle-viewmodel-ktx:2.8.3] AndroidManifest.xml:5:5-44
MERGED from [androidx.lifecycle:lifecycle-viewmodel-savedstate:2.8.3] AndroidManifest.xml:20:5-44
MERGED from [androidx.lifecycle:lifecycle-viewmodel-savedstate:2.8.3] AndroidManifest.xml:20:5-44
MERGED from [androidx.lifecycle:lifecycle-runtime-compose-android:2.8.3] AndroidManifest.xml:5:5-44
MERGED from [androidx.lifecycle:lifecycle-runtime-compose-android:2.8.3] AndroidManifest.xml:5:5-44
MERGED from [androidx.lifecycle:lifecycle-viewmodel-compose-android:2.8.3] AndroidManifest.xml:5:5-44
MERGED from [androidx.lifecycle:lifecycle-viewmodel-compose-android:2.8.3] AndroidManifest.xml:5:5-44
MERGED from [androidx.compose.ui:ui-android:1.7.0] AndroidManifest.xml:5:5-44
MERGED from [androidx.compose.ui:ui-android:1.7.0] AndroidManifest.xml:5:5-44
MERGED from [androidx.savedstate:savedstate-ktx:1.2.1] AndroidManifest.xml:20:5-44
MERGED from [androidx.savedstate:savedstate-ktx:1.2.1] AndroidManifest.xml:20:5-44
MERGED from [androidx.compose.runtime:runtime-saveable-android:1.7.0] AndroidManifest.xml:5:5-44
MERGED from [androidx.compose.runtime:runtime-saveable-android:1.7.0] AndroidManifest.xml:5:5-44
MERGED from [androidx.compose.runtime:runtime-android:1.7.0] AndroidManifest.xml:5:5-44
MERGED from [androidx.compose.runtime:runtime-android:1.7.0] AndroidManifest.xml:5:5-44
MERGED from [androidx.annotation:annotation-experimental:1.4.0] AndroidManifest.xml:5:5-44
MERGED from [androidx.annotation:annotation-experimental:1.4.0] AndroidManifest.xml:5:5-44
MERGED from [androidx.versionedparcelable:versionedparcelable:1.1.1] AndroidManifest.xml:20:5-22:41
MERGED from [androidx.versionedparcelable:versionedparcelable:1.1.1] AndroidManifest.xml:20:5-22:41
MERGED from [androidx.profileinstaller:profileinstaller:1.3.1] AndroidManifest.xml:21:5-44
MERGED from [androidx.profileinstaller:profileinstaller:1.3.1] AndroidManifest.xml:21:5-44
MERGED from [androidx.startup:startup-runtime:1.1.1] AndroidManifest.xml:21:5-23:41
MERGED from [androidx.startup:startup-runtime:1.1.1] AndroidManifest.xml:21:5-23:41
MERGED from [androidx.tracing:tracing:1.0.0] AndroidManifest.xml:20:5-22:41
MERGED from [androidx.tracing:tracing:1.0.0] AndroidManifest.xml:20:5-22:41
MERGED from [androidx.interpolator:interpolator:1.0.0] AndroidManifest.xml:20:5-44
MERGED from [androidx.interpolator:interpolator:1.0.0] AndroidManifest.xml:20:5-44
MERGED from [androidx.arch.core:core-runtime:2.2.0] AndroidManifest.xml:20:5-44
MERGED from [androidx.arch.core:core-runtime:2.2.0] AndroidManifest.xml:20:5-44
	android:targetSdkVersion
		INJECTED from src\main\AndroidManifest.xml
	android:minSdkVersion
		INJECTED from src\main\AndroidManifest.xml
activity#androidx.compose.ui.tooling.PreviewActivity
ADDED from [androidx.compose.ui:ui-tooling-android:1.7.0] AndroidManifest.xml:23:9-25:39
	android:exported
		ADDED from [androidx.compose.ui:ui-tooling-android:1.7.0] AndroidManifest.xml:25:13-36
	android:name
		ADDED from [androidx.compose.ui:ui-tooling-android:1.7.0] AndroidManifest.xml:24:13-71
activity#androidx.activity.ComponentActivity
ADDED from [androidx.compose.ui:ui-test-manifest:1.7.0] AndroidManifest.xml:23:9-25:39
	android:exported
		ADDED from [androidx.compose.ui:ui-test-manifest:1.7.0] AndroidManifest.xml:25:13-36
	android:name
		ADDED from [androidx.compose.ui:ui-test-manifest:1.7.0] AndroidManifest.xml:24:13-63
provider#androidx.startup.InitializationProvider
ADDED from [androidx.emoji2:emoji2:1.3.0] AndroidManifest.xml:24:9-32:20
MERGED from [androidx.lifecycle:lifecycle-process:2.8.3] AndroidManifest.xml:24:9-32:20
MERGED from [androidx.lifecycle:lifecycle-process:2.8.3] AndroidManifest.xml:24:9-32:20
MERGED from [androidx.profileinstaller:profileinstaller:1.3.1] AndroidManifest.xml:24:9-32:20
MERGED from [androidx.profileinstaller:profileinstaller:1.3.1] AndroidManifest.xml:24:9-32:20
MERGED from [androidx.startup:startup-runtime:1.1.1] AndroidManifest.xml:26:9-30:34
MERGED from [androidx.startup:startup-runtime:1.1.1] AndroidManifest.xml:26:9-30:34
	tools:node
		ADDED from [androidx.emoji2:emoji2:1.3.0] AndroidManifest.xml:28:13-31
	android:authorities
		ADDED from [androidx.emoji2:emoji2:1.3.0] AndroidManifest.xml:26:13-68
	android:exported
		ADDED from [androidx.emoji2:emoji2:1.3.0] AndroidManifest.xml:27:13-37
	android:name
		ADDED from [androidx.emoji2:emoji2:1.3.0] AndroidManifest.xml:25:13-67
meta-data#androidx.emoji2.text.EmojiCompatInitializer
ADDED from [androidx.emoji2:emoji2:1.3.0] AndroidManifest.xml:29:13-31:52
	android:value
		ADDED from [androidx.emoji2:emoji2:1.3.0] AndroidManifest.xml:31:17-49
	android:name
		ADDED from [androidx.emoji2:emoji2:1.3.0] AndroidManifest.xml:30:17-75
permission#${applicationId}.DYNAMIC_RECEIVER_NOT_EXPORTED_PERMISSION
ADDED from [androidx.core:core:1.13.1] AndroidManifest.xml:22:5-24:47
	android:protectionLevel
		ADDED from [androidx.core:core:1.13.1] AndroidManifest.xml:24:9-44
	android:name
		ADDED from [androidx.core:core:1.13.1] AndroidManifest.xml:23:9-81
permission#com.example.smsapp.DYNAMIC_RECEIVER_NOT_EXPORTED_PERMISSION
ADDED from [androidx.core:core:1.13.1] AndroidManifest.xml:22:5-24:47
	android:protectionLevel
		ADDED from [androidx.core:core:1.13.1] AndroidManifest.xml:24:9-44
	android:name
		ADDED from [androidx.core:core:1.13.1] AndroidManifest.xml:23:9-81
uses-permission#${applicationId}.DYNAMIC_RECEIVER_NOT_EXPORTED_PERMISSION
ADDED from [androidx.core:core:1.13.1] AndroidManifest.xml:26:5-97
	android:name
		ADDED from [androidx.core:core:1.13.1] AndroidManifest.xml:26:22-94
uses-permission#com.example.smsapp.DYNAMIC_RECEIVER_NOT_EXPORTED_PERMISSION
ADDED from [androidx.core:core:1.13.1] AndroidManifest.xml:26:5-97
	android:name
		ADDED from [androidx.core:core:1.13.1] AndroidManifest.xml:26:22-94
meta-data#androidx.lifecycle.ProcessLifecycleInitializer
ADDED from [androidx.lifecycle:lifecycle-process:2.8.3] AndroidManifest.xml:29:13-31:52
	android:value
		ADDED from [androidx.lifecycle:lifecycle-process:2.8.3] AndroidManifest.xml:31:17-49
	android:name
		ADDED from [androidx.lifecycle:lifecycle-process:2.8.3] AndroidManifest.xml:30:17-78
meta-data#androidx.profileinstaller.ProfileInstallerInitializer
ADDED from [androidx.profileinstaller:profileinstaller:1.3.1] AndroidManifest.xml:29:13-31:52
	android:value
		ADDED from [androidx.profileinstaller:profileinstaller:1.3.1] AndroidManifest.xml:31:17-49
	android:name
		ADDED from [androidx.profileinstaller:profileinstaller:1.3.1] AndroidManifest.xml:30:17-85
receiver#androidx.profileinstaller.ProfileInstallReceiver
ADDED from [androidx.profileinstaller:profileinstaller:1.3.1] AndroidManifest.xml:34:9-52:20
	android:enabled
		ADDED from [androidx.profileinstaller:profileinstaller:1.3.1] AndroidManifest.xml:37:13-35
	android:exported
		ADDED from [androidx.profileinstaller:profileinstaller:1.3.1] AndroidManifest.xml:38:13-36
	android:permission
		ADDED from [androidx.profileinstaller:profileinstaller:1.3.1] AndroidManifest.xml:39:13-57
	android:directBootAware
		ADDED from [androidx.profileinstaller:profileinstaller:1.3.1] AndroidManifest.xml:36:13-44
	android:name
		ADDED from [androidx.profileinstaller:profileinstaller:1.3.1] AndroidManifest.xml:35:13-76
intent-filter#action:name:androidx.profileinstaller.action.INSTALL_PROFILE
ADDED from [androidx.profileinstaller:profileinstaller:1.3.1] AndroidManifest.xml:40:13-42:29
action#androidx.profileinstaller.action.INSTALL_PROFILE
ADDED from [androidx.profileinstaller:profileinstaller:1.3.1] AndroidManifest.xml:41:17-91
	android:name
		ADDED from [androidx.profileinstaller:profileinstaller:1.3.1] AndroidManifest.xml:41:25-88
intent-filter#action:name:androidx.profileinstaller.action.SKIP_FILE
ADDED from [androidx.profileinstaller:profileinstaller:1.3.1] AndroidManifest.xml:43:13-45:29
action#androidx.profileinstaller.action.SKIP_FILE
ADDED from [androidx.profileinstaller:profileinstaller:1.3.1] AndroidManifest.xml:44:17-85
	android:name
		ADDED from [androidx.profileinstaller:profileinstaller:1.3.1] AndroidManifest.xml:44:25-82
intent-filter#action:name:androidx.profileinstaller.action.SAVE_PROFILE
ADDED from [androidx.profileinstaller:profileinstaller:1.3.1] AndroidManifest.xml:46:13-48:29
action#androidx.profileinstaller.action.SAVE_PROFILE
ADDED from [androidx.profileinstaller:profileinstaller:1.3.1] AndroidManifest.xml:47:17-88
	android:name
		ADDED from [androidx.profileinstaller:profileinstaller:1.3.1] AndroidManifest.xml:47:25-85
intent-filter#action:name:androidx.profileinstaller.action.BENCHMARK_OPERATION
ADDED from [androidx.profileinstaller:profileinstaller:1.3.1] AndroidManifest.xml:49:13-51:29
action#androidx.profileinstaller.action.BENCHMARK_OPERATION
ADDED from [androidx.profileinstaller:profileinstaller:1.3.1] AndroidManifest.xml:50:17-95
	android:name
		ADDED from [androidx.profileinstaller:profileinstaller:1.3.1] AndroidManifest.xml:50:25-92